Performing C++ SOURCE FILE Test COMPILER_SUPPORT_Wshorten64to32 failed with the following output:
Change Dir: /home/alex/Documents/c++/coupling/work/build/CMakeFiles/CMakeTmp

Run Build Command(s):/usr/bin/gmake -f Makefile cmTC_9123b/fast && /usr/bin/gmake  -f CMakeFiles/cmTC_9123b.dir/build.make CMakeFiles/cmTC_9123b.dir/build
gmake[1]: Entering directory '/home/alex/Documents/c++/coupling/work/build/CMakeFiles/CMakeTmp'
Building CXX object CMakeFiles/cmTC_9123b.dir/src.cxx.o
/usr/bin/g++ -DCOMPILER_SUPPORT_Wshorten64to32  -pedantic -Wall -Wextra -Wundef -Wcast-align -Wchar-subscripts -Wnon-virtual-dtor -Wunused-local-typedefs -Wpointer-arith -Wwrite-strings -Wformat-security -Werror   -Wshorten-64-to-32 -std=gnu++20 -o CMakeFiles/cmTC_9123b.dir/src.cxx.o -c /home/alex/Documents/c++/coupling/work/build/CMakeFiles/CMakeTmp/src.cxx
g++: error: unrecognized command-line option '-Wshorten-64-to-32'
gmake[1]: *** [CMakeFiles/cmTC_9123b.dir/build.make:78: CMakeFiles/cmTC_9123b.dir/src.cxx.o] Error 1
gmake[1]: Leaving directory '/home/alex/Documents/c++/coupling/work/build/CMakeFiles/CMakeTmp'
gmake: *** [Makefile:127: cmTC_9123b/fast] Error 2


Source file was:
int main() { return 0; }
Performing C++ SOURCE FILE Test COMPILER_SUPPORT_Wcpp11extensions failed with the following output:
Change Dir: /home/alex/Documents/c++/coupling/work/build/CMakeFiles/CMakeTmp

Run Build Command(s):/usr/bin/gmake -f Makefile cmTC_614bc/fast && /usr/bin/gmake  -f CMakeFiles/cmTC_614bc.dir/build.make CMakeFiles/cmTC_614bc.dir/build
gmake[1]: Entering directory '/home/alex/Documents/c++/coupling/work/build/CMakeFiles/CMakeTmp'
Building CXX object CMakeFiles/cmTC_614bc.dir/src.cxx.o
/usr/bin/g++ -DCOMPILER_SUPPORT_Wcpp11extensions  -pedantic -Wall -Wextra -Wundef -Wcast-align -Wchar-subscripts -Wnon-virtual-dtor -Wunused-local-typedefs -Wpointer-arith -Wwrite-strings -Wformat-security -Wlogical-op -Wenum-conversion -Werror   -Wc++11-extensions -std=gnu++20 -o CMakeFiles/cmTC_614bc.dir/src.cxx.o -c /home/alex/Documents/c++/coupling/work/build/CMakeFiles/CMakeTmp/src.cxx
g++: error: unrecognized command-line option '-Wc++11-extensions'; did you mean '-fms-extensions'?
gmake[1]: *** [CMakeFiles/cmTC_614bc.dir/build.make:78: CMakeFiles/cmTC_614bc.dir/src.cxx.o] Error 1
gmake[1]: Leaving directory '/home/alex/Documents/c++/coupling/work/build/CMakeFiles/CMakeTmp'
gmake: *** [Makefile:127: cmTC_614bc/fast] Error 2


Source file was:
int main() { return 0; }
Performing C++ SOURCE FILE Test COMPILER_SUPPORT_wd981 failed with the following output:
Change Dir: /home/alex/Documents/c++/coupling/work/build/CMakeFiles/CMakeTmp

Run Build Command(s):/usr/bin/gmake -f Makefile cmTC_6a6f7/fast && /usr/bin/gmake  -f CMakeFiles/cmTC_6a6f7.dir/build.make CMakeFiles/cmTC_6a6f7.dir/build
gmake[1]: Entering directory '/home/alex/Documents/c++/coupling/work/build/CMakeFiles/CMakeTmp'
Building CXX object CMakeFiles/cmTC_6a6f7.dir/src.cxx.o
/usr/bin/g++ -DCOMPILER_SUPPORT_wd981  -pedantic -Wall -Wextra -Wundef -Wcast-align -Wchar-subscripts -Wnon-virtual-dtor -Wunused-local-typedefs -Wpointer-arith -Wwrite-strings -Wformat-security -Wlogical-op -Wenum-conversion -Wdouble-promotion -Wshadow -Wno-psabi -Wno-variadic-macros -Wno-long-long -fno-check-new -fno-common -fstrict-aliasing -Werror   -wd981 -std=gnu++20 -o CMakeFiles/cmTC_6a6f7.dir/src.cxx.o -c /home/alex/Documents/c++/coupling/work/build/CMakeFiles/CMakeTmp/src.cxx
g++: error: unrecognized command-line option '-wd981'
gmake[1]: *** [CMakeFiles/cmTC_6a6f7.dir/build.make:78: CMakeFiles/cmTC_6a6f7.dir/src.cxx.o] Error 1
gmake[1]: Leaving directory '/home/alex/Documents/c++/coupling/work/build/CMakeFiles/CMakeTmp'
gmake: *** [Makefile:127: cmTC_6a6f7/fast] Error 2


Source file was:
int main() { return 0; }
Performing C++ SOURCE FILE Test COMPILER_SUPPORT_wd2304 failed with the following output:
Change Dir: /home/alex/Documents/c++/coupling/work/build/CMakeFiles/CMakeTmp

Run Build Command(s):/usr/bin/gmake -f Makefile cmTC_455b8/fast && /usr/bin/gmake  -f CMakeFiles/cmTC_455b8.dir/build.make CMakeFiles/cmTC_455b8.dir/build
gmake[1]: Entering directory '/home/alex/Documents/c++/coupling/work/build/CMakeFiles/CMakeTmp'
Building CXX object CMakeFiles/cmTC_455b8.dir/src.cxx.o
/usr/bin/g++ -DCOMPILER_SUPPORT_wd2304  -pedantic -Wall -Wextra -Wundef -Wcast-align -Wchar-subscripts -Wnon-virtual-dtor -Wunused-local-typedefs -Wpointer-arith -Wwrite-strings -Wformat-security -Wlogical-op -Wenum-conversion -Wdouble-promotion -Wshadow -Wno-psabi -Wno-variadic-macros -Wno-long-long -fno-check-new -fno-common -fstrict-aliasing -Werror   -wd2304 -std=gnu++20 -o CMakeFiles/cmTC_455b8.dir/src.cxx.o -c /home/alex/Documents/c++/coupling/work/build/CMakeFiles/CMakeTmp/src.cxx
g++: error: unrecognized command-line option '-wd2304'
gmake[1]: *** [CMakeFiles/cmTC_455b8.dir/build.make:78: CMakeFiles/cmTC_455b8.dir/src.cxx.o] Error 1
gmake[1]: Leaving directory '/home/alex/Documents/c++/coupling/work/build/CMakeFiles/CMakeTmp'
gmake: *** [Makefile:127: cmTC_455b8/fast] Error 2


Source file was:
int main() { return 0; }
Compiling the Fortran compiler identification source file "CMakeFortranCompilerId.F" failed.
Compiler: CMAKE_Fortran_COMPILER-NOTFOUND 
Build flags: 
Id flags: -v 

The output was:
No such file or directory


Compiling the Fortran compiler identification source file "CMakeFortranCompilerId.F" failed.
Compiler: CMAKE_Fortran_COMPILER-NOTFOUND 
Build flags: 
Id flags:  

The output was:
No such file or directory


Compiling the Fortran compiler identification source file "CMakeFortranCompilerId.F" failed.
Compiler: CMAKE_Fortran_COMPILER-NOTFOUND 
Build flags: 
Id flags: -c 

The output was:
No such file or directory


Compiling the Fortran compiler identification source file "CMakeFortranCompilerId.F" failed.
Compiler: CMAKE_Fortran_COMPILER-NOTFOUND 
Build flags: 
Id flags: -fpp 

The output was:
No such file or directory


Compiling the Fortran compiler identification source file "CMakeFortranCompilerId.F" failed.
Compiler: CMAKE_Fortran_COMPILER-NOTFOUND 
Build flags: 
Id flags: -v 

The output was:
No such file or directory


Compiling the Fortran compiler identification source file "CMakeFortranCompilerId.F" failed.
Compiler: CMAKE_Fortran_COMPILER-NOTFOUND 
Build flags: 
Id flags:  

The output was:
No such file or directory


Compiling the Fortran compiler identification source file "CMakeFortranCompilerId.F" failed.
Compiler: CMAKE_Fortran_COMPILER-NOTFOUND 
Build flags: 
Id flags: -c 

The output was:
No such file or directory


Compiling the Fortran compiler identification source file "CMakeFortranCompilerId.F" failed.
Compiler: CMAKE_Fortran_COMPILER-NOTFOUND 
Build flags: 
Id flags: -fpp 

The output was:
No such file or directory


