0.0991821;0;0;0
0.0999451;1.41401e-08;4.42493e-07;4.42718e-07
0.100708;1.42959e-08;4.44247e-07;4.44477e-07
0.101471;1.44539e-08;4.45959e-07;4.46193e-07
0.102234;1.46143e-08;4.47627e-07;4.47865e-07
0.102997;1.47769e-08;4.49251e-07;4.49494e-07
0.10376;1.4942e-08;4.5083e-07;4.51078e-07
0.104523;1.51094e-08;4.52365e-07;4.52617e-07
0.105286;1.52794e-08;4.53853e-07;4.5411e-07
0.106049;1.54518e-08;4.55295e-07;4.55557e-07
0.106812;1.56268e-08;4.5669e-07;4.56957e-07
0.107574;1.58044e-08;4.58037e-07;4.5831e-07
0.108337;1.59846e-08;4.59336e-07;4.59614e-07
0.1091;1.61676e-08;4.60586e-07;4.60869e-07
0.109863;1.63532e-08;4.61786e-07;4.62075e-07
0.110626;1.65417e-08;4.62935e-07;4.63231e-07
0.111389;1.67329e-08;4.64034e-07;4.64336e-07
0.112152;1.69271e-08;4.65081e-07;4.65389e-07
0.112915;1.71242e-08;4.66076e-07;4.6639e-07
0.113678;1.73243e-08;4.67017e-07;4.67338e-07
0.114441;1.75274e-08;4.67905e-07;4.68233e-07
0.115204;1.77336e-08;4.68738e-07;4.69073e-07
0.115967;1.7943e-08;4.69516e-07;4.69859e-07
0.11673;1.81556e-08;4.70238e-07;4.70588e-07
0.117493;1.83715e-08;4.70902e-07;4.71261e-07
0.118256;1.85906e-08;4.7151e-07;4.71876e-07
0.119019;1.88132e-08;4.72059e-07;4.72433e-07
0.119781;1.90392e-08;4.72549e-07;4.72932e-07
0.120544;1.92688e-08;4.72978e-07;4.73371e-07
0.121307;1.95019e-08;4.73347e-07;4.73749e-07
0.12207;1.97386e-08;4.73655e-07;4.74066e-07
0.122833;1.99791e-08;4.739e-07;4.74321e-07
0.123596;2.02233e-08;4.74081e-07;4.74512e-07
0.124359;2.04714e-08;4.74199e-07;4.7464e-07
0.125122;2.07234e-08;4.74251e-07;4.74704e-07
0.125885;2.09794e-08;4.74237e-07;4.74701e-07
0.126648;2.12395e-08;4.74157e-07;4.74632e-07
0.127411;2.15037e-08;4.74009e-07;4.74496e-07
0.128174;2.17722e-08;4.73791e-07;4.74291e-07
0.128937;2.20449e-08;4.73505e-07;4.74017e-07
0.1297;2.2322e-08;4.73147e-07;4.73673e-07
0.130463;2.26036e-08;4.72718e-07;4.73258e-07
0.131226;2.28897e-08;4.72216e-07;4.7277e-07
0.131989;2.31805e-08;4.7164e-07;4.7221e-07
0.132751;2.3476e-08;4.7099e-07;4.71575e-07
0.133514;2.37763e-08;4.70264e-07;4.70865e-07
0.134277;2.40816e-08;4.69461e-07;4.70078e-07
0.13504;2.43918e-08;4.6858e-07;4.69214e-07
0.135803;2.47071e-08;4.6762e-07;4.68272e-07
0.136566;2.50276e-08;4.6658e-07;4.67251e-07
0.137329;2.53534e-08;4.65458e-07;4.66148e-07
0.138092;2.56847e-08;4.64255e-07;4.64965e-07
0.138855;2.60214e-08;4.62967e-07;4.63698e-07
0.139618;2.63637e-08;4.61594e-07;4.62347e-07
0.140381;2.67118e-08;4.60136e-07;4.60911e-07
0.141144;2.70657e-08;4.5859e-07;4.59388e-07
0.141907;2.74256e-08;4.56956e-07;4.57778e-07
0.14267;2.77915e-08;4.55231e-07;4.56079e-07
0.143433;2.81636e-08;4.53416e-07;4.54289e-07
0.144196;2.85421e-08;4.51507e-07;4.52409e-07
0.144958;2.8927e-08;4.49505e-07;4.50435e-07
0.145721;2.93184e-08;4.47408e-07;4.48368e-07
0.146484;2.97166e-08;4.45214e-07;4.46205e-07
0.147247;3.01216e-08;4.42922e-07;4.43945e-07
0.14801;3.05336e-08;4.4053e-07;4.41587e-07
0.148773;3.09527e-08;4.38037e-07;4.3913e-07
0.149536;3.1379e-08;4.35442e-07;4.36571e-07
0.150299;3.18128e-08;4.32742e-07;4.3391e-07
0.151062;3.22542e-08;4.29937e-07;4.31145e-07
0.151825;3.27033e-08;4.27025e-07;4.28275e-07
0.152588;3.31602e-08;4.24003e-07;4.25298e-07
0.153351;3.36252e-08;4.20871e-07;4.22212e-07
0.154114;3.40985e-08;4.17627e-07;4.19017e-07
0.154877;3.45801e-08;4.14269e-07;4.15709e-07
0.15564;3.50702e-08;4.10795e-07;4.12289e-07
0.156403;3.55692e-08;4.07203e-07;4.08754e-07
0.157166;3.6077e-08;4.03492e-07;4.05102e-07
0.157928;3.6594e-08;3.9966e-07;4.01332e-07
0.158691;3.71203e-08;3.95704e-07;3.97442e-07
0.159454;3.76561e-08;3.91624e-07;3.9343e-07
0.160217;3.82016e-08;3.87417e-07;3.89295e-07
0.16098;3.8757e-08;3.8308e-07;3.85036e-07
0.161743;3.93226e-08;3.78612e-07;3.80649e-07
0.162506;3.98985e-08;3.74011e-07;3.76134e-07
0.163269;4.04851e-08;3.69275e-07;3.71488e-07
0.164032;4.10824e-08;3.64401e-07;3.6671e-07
0.164795;4.16908e-08;3.59388e-07;3.61798e-07
0.165558;4.23105e-08;3.54232e-07;3.5675e-07
0.166321;4.29418e-08;3.48932e-07;3.51565e-07
0.167084;4.35849e-08;3.43486e-07;3.4624e-07
0.167847;4.424e-08;3.3789e-07;3.40774e-07
0.16861;4.49075e-08;3.32142e-07;3.35165e-07
0.169373;4.55877e-08;3.26241e-07;3.29411e-07
0.170135;4.62807e-08;3.20183e-07;3.2351e-07
0.170898;4.69869e-08;3.13965e-07;3.17461e-07
0.171661;4.77067e-08;3.07585e-07;3.11263e-07
0.172424;4.84403e-08;3.01041e-07;3.04913e-07
0.173187;4.9188e-08;2.94329e-07;2.9841e-07
0.17395;4.99501e-08;2.87446e-07;2.91754e-07
0.174713;5.07271e-08;2.8039e-07;2.84942e-07
0.175476;5.15192e-08;2.73157e-07;2.77973e-07
0.176239;5.23268e-08;2.65745e-07;2.70848e-07
0.177002;5.31503e-08;2.58151e-07;2.63565e-07
0.177765;5.399e-08;2.5037e-07;2.56125e-07
0.178528;5.48464e-08;2.42401e-07;2.48528e-07
0.179291;5.57198e-08;2.34239e-07;2.40775e-07
0.180054;5.66106e-08;2.2588e-07;2.32866e-07
0.180817;5.75193e-08;2.17323e-07;2.24806e-07
0.18158;5.84463e-08;2.08562e-07;2.16597e-07
0.182343;5.93921e-08;1.99595e-07;2.08244e-07
0.183105;6.0357e-08;1.90417e-07;1.99754e-07
0.183868;6.13416e-08;1.81025e-07;1.91135e-07
0.184631;6.23464e-08;1.71414e-07;1.824e-07
0.185394;6.33719e-08;1.61581e-07;1.73564e-07
0.186157;6.44185e-08;1.51521e-07;1.64646e-07
0.18692;6.54869e-08;1.41231e-07;1.55675e-07
0.187683;6.65776e-08;1.30705e-07;1.46685e-07
0.188446;6.76911e-08;1.19939e-07;1.37723e-07
0.189209;6.8828e-08;1.0893e-07;1.28853e-07
0.189972;6.99889e-08;9.76709e-08;1.20158e-07
0.190735;7.11745e-08;8.61583e-08;1.11754e-07
0.191498;7.23854e-08;7.43868e-08;1.03793e-07
0.192261;7.36223e-08;6.23515e-08;9.64777e-08
0.193024;7.48858e-08;5.00471e-08;9.007e-08
0.193787;7.61767e-08;3.74682e-08;8.48926e-08
0.19455;7.74957e-08;2.46094e-08;8.13093e-08
0.195312;7.88434e-08;1.1465e-08;7.96727e-08
0.196075;8.02208e-08;-1.97077e-09;8.02451e-08
0.196838;8.16287e-08;-1.57039e-08;8.31255e-08
0.197601;8.30677e-08;-2.97405e-08;8.82312e-08
0.198364;8.45389e-08;-4.40868e-08;9.5344e-08
0.199127;8.60431e-08;-5.87493e-08;1.04187e-07
0.19989;8.75812e-08;-7.37347e-08;1.14487e-07
0.200653;8.91542e-08;-8.90497e-08;1.26009e-07
0.201416;9.07631e-08;-1.04701e-07;1.38565e-07
0.202179;9.24088e-08;-1.20697e-07;1.5201e-07
0.202942;9.40924e-08;-1.37044e-07;1.66236e-07
0.203705;9.5815e-08;-1.5375e-07;1.81162e-07
0.204468;9.75779e-08;-1.70823e-07;1.96728e-07
0.205231;9.9382e-08;-1.88271e-07;2.12891e-07
0.205994;1.01229e-07;-2.06102e-07;2.2962e-07
0.206757;1.03119e-07;-2.24325e-07;2.46891e-07
0.20752;1.05055e-07;-2.42949e-07;2.6469e-07
0.208282;1.07037e-07;-2.61983e-07;2.83005e-07
0.209045;1.09066e-07;-2.81436e-07;3.0183e-07
0.209808;1.11146e-07;-3.01318e-07;3.21163e-07
0.210571;1.13276e-07;-3.21639e-07;3.41003e-07
0.211334;1.15458e-07;-3.4241e-07;3.61351e-07
0.212097;1.17694e-07;-3.6364e-07;3.82212e-07
0.21286;1.19986e-07;-3.85342e-07;4.0359e-07
0.213623;1.22336e-07;-4.07526e-07;4.25492e-07
0.214386;1.24745e-07;-4.30204e-07;4.47925e-07
0.215149;1.27215e-07;-4.53388e-07;4.70897e-07
0.215912;1.29748e-07;-4.77091e-07;4.94419e-07
0.216675;1.32346e-07;-5.01326e-07;5.18501e-07
0.217438;1.35012e-07;-5.26106e-07;5.43153e-07
0.218201;1.37748e-07;-5.51444e-07;5.68388e-07
0.218964;1.40555e-07;-5.77356e-07;5.94219e-07
0.219727;1.43437e-07;-6.03856e-07;6.20658e-07
0.22049;1.46395e-07;-6.3096e-07;6.47721e-07
0.221252;1.49433e-07;-6.58683e-07;6.75421e-07
0.222015;1.52553e-07;-6.87041e-07;7.03774e-07
0.222778;1.55759e-07;-7.16053e-07;7.32797e-07
0.223541;1.59052e-07;-7.45734e-07;7.62507e-07
0.224304;1.62437e-07;-7.76105e-07;7.92922e-07
0.225067;1.65916e-07;-8.07184e-07;8.2406e-07
0.22583;1.69493e-07;-8.3899e-07;8.5594e-07
0.226593;1.73171e-07;-8.71545e-07;8.88582e-07
0.227356;1.76955e-07;-9.04869e-07;9.22009e-07
0.228119;1.80848e-07;-9.38985e-07;9.56242e-07
0.228882;1.84853e-07;-9.73915e-07;9.91303e-07
0.229645;1.88977e-07;-1.00968e-06;1.02722e-06
0.230408;1.93222e-07;-1.04632e-06;1.06401e-06
0.231171;1.97593e-07;-1.08384e-06;1.1017e-06
0.231934;2.02096e-07;-1.12228e-06;1.14033e-06
0.232697;2.06736e-07;-1.16166e-06;1.17991e-06
0.233459;2.11518e-07;-1.20201e-06;1.22048e-06
0.234222;2.16447e-07;-1.24338e-06;1.26207e-06
0.234985;2.2153e-07;-1.28577e-06;1.30472e-06
0.235748;2.26774e-07;-1.32924e-06;1.34844e-06
0.236511;2.32184e-07;-1.37381e-06;1.39329e-06
0.237274;2.37767e-07;-1.41952e-06;1.4393e-06
0.238037;2.43532e-07;-1.46641e-06;1.48649e-06
0.2388;2.49485e-07;-1.51452e-06;1.53493e-06
0.239563;2.55634e-07;-1.56388e-06;1.58464e-06
0.240326;2.6199e-07;-1.61455e-06;1.63567e-06
0.241089;2.68559e-07;-1.66657e-06;1.68807e-06
0.241852;2.75353e-07;-1.71999e-06;1.74189e-06
0.242615;2.82381e-07;-1.77485e-06;1.79717e-06
0.243378;2.89654e-07;-1.83121e-06;1.85398e-06
0.244141;2.97182e-07;-1.88913e-06;1.91236e-06
0.244904;3.04979e-07;-1.94866e-06;1.97238e-06
0.245667;3.13057e-07;-2.00986e-06;2.03409e-06
0.246429;3.2143e-07;-2.0728e-06;2.09757e-06
0.247192;3.3011e-07;-2.13754e-06;2.16288e-06
0.247955;3.39115e-07;-2.20416e-06;2.2301e-06
0.248718;3.4846e-07;-2.27274e-06;2.29929e-06
0.249481;3.58161e-07;-2.34334e-06;2.37055e-06
0.250244;3.68238e-07;-2.41606e-06;2.44396e-06
0.251007;3.7871e-07;-2.49099e-06;2.51961e-06
0.25177;3.89598e-07;-2.56821e-06;2.59759e-06
0.252533;4.00923e-07;-2.64783e-06;2.67801e-06
0.253296;4.12709e-07;-2.72996e-06;2.76098e-06
0.254059;4.24983e-07;-2.8147e-06;2.8466e-06
0.254822;4.3777e-07;-2.90217e-06;2.935e-06
0.255585;4.51099e-07;-2.99251e-06;3.02632e-06
0.256348;4.65002e-07;-3.08584e-06;3.12068e-06
0.257111;4.79513e-07;-3.18231e-06;3.21824e-06
0.257874;4.94666e-07;-3.28208e-06;3.31915e-06
0.258636;5.10501e-07;-3.3853e-06;3.42357e-06
0.259399;5.27058e-07;-3.49215e-06;3.5317e-06
0.260162;5.44383e-07;-3.60282e-06;3.64372e-06
0.260925;5.62523e-07;-3.71751e-06;3.75983e-06
0.261688;5.81532e-07;-3.83644e-06;3.88027e-06
0.262451;6.01464e-07;-3.95984e-06;4.00526e-06
0.263214;6.22382e-07;-4.08795e-06;4.13506e-06
0.263977;6.44351e-07;-4.22105e-06;4.26995e-06
0.26474;6.67443e-07;-4.35944e-06;4.41023e-06
0.265503;6.91737e-07;-4.50341e-06;4.55623e-06
0.266266;7.17316e-07;-4.65332e-06;4.70829e-06
0.267029;7.44275e-07;-4.80954e-06;4.86679e-06
0.267792;7.72715e-07;-4.97247e-06;5.03215e-06
0.268555;8.02745e-07;-5.14255e-06;5.20483e-06
0.269318;8.34489e-07;-5.32026e-06;5.38531e-06
0.270081;8.68078e-07;-5.50613e-06;5.57414e-06
0.270844;9.0366e-07;-5.70074e-06;5.77192e-06
0.271606;9.41395e-07;-5.90472e-06;5.9793e-06
0.272369;9.81462e-07;-6.11878e-06;6.19699e-06
0.273132;1.02406e-06;-6.34368e-06;6.42581e-06
0.273895;1.0694e-06;-6.5803e-06;6.66663e-06
0.274658;1.11773e-06;-6.82959e-06;6.92045e-06
0.275421;1.16931e-06;-7.09262e-06;7.18836e-06
0.276184;1.22445e-06;-7.37059e-06;7.4716e-06
0.276947;1.28347e-06;-7.66485e-06;7.77156e-06
0.27771;1.34676e-06;-7.97691e-06;8.0898e-06
0.278473;1.41472e-06;-8.3085e-06;8.42809e-06
0.279236;1.48783e-06;-8.6616e-06;8.78845e-06
0.279999;1.56661e-06;-9.03843e-06;9.1732e-06
0.280762;1.65166e-06;-9.44159e-06;9.58497e-06
0.281525;1.74364e-06;-9.87407e-06;1.00268e-05
0.282288;1.84331e-06;-1.03393e-05;1.05024e-05
0.283051;1.95152e-06;-1.08415e-05;1.10157e-05
0.283813;2.06923e-06;-1.13853e-05;1.15718e-05
0.284576;2.19753e-06;-1.19764e-05;1.21764e-05
0.285339;2.33762e-06;-1.26218e-05;1.28365e-05
0.286102;2.49087e-06;-1.33297e-05;1.35604e-05
0.286865;2.65877e-06;-1.41102e-05;1.43585e-05
0.287628;2.84295e-06;-1.49757e-05;1.52431e-05
0.288391;3.0451e-06;-1.59419e-05;1.62302e-05
0.289154;3.2669e-06;-1.70287e-05;1.73392e-05
0.289917;3.50979e-06;-1.82615e-05;1.85958e-05
0.29068;3.77453e-06;-1.96739e-05;2.00327e-05
0.291443;4.06045e-06;-2.13106e-05;2.1694e-05
0.292206;4.36378e-06;-2.32329e-05;2.36391e-05
0.292969;4.67454e-06;-2.55264e-05;2.59509e-05
0.293732;4.96993e-06;-2.83152e-05;2.87481e-05
0.294495;5.20021e-06;-3.17841e-05;3.22066e-05
0.295258;5.25653e-06;-3.62185e-05;3.6598e-05
0.296021;4.89273e-06;-4.20842e-05;4.23677e-05
0.296783;3.51438e-06;-5.01287e-05;5.02517e-05
0.297546;-4.34483e-07;-6.15753e-05;6.15768e-05
0.298309;-1.14074e-05;-7.78064e-05;7.86381e-05
0.299072;-4.17329e-05;-9.49834e-05;0.000103747
0.299835;-9.94657e-05;-7.6025e-05;0.000125193
0.300598;-0.00010488;-4.06774e-06;0.000104959
0.301361;-6.15525e-05;2.40515e-05;6.60847e-05
0.302124;-2.84417e-05;2.09374e-05;3.53172e-05
0.302887;-4.19468e-06;6.77411e-06;7.96768e-06
0.30365;1.31165e-05;-2.26428e-05;2.61675e-05
0.304413;-2.28383e-06;-6.56229e-05;6.56626e-05
0.305176;-4.16049e-05;-7.14891e-05;8.27143e-05
0.305939;-5.90217e-05;-6.1413e-05;8.5177e-05
0.306702;-7.0097e-05;-5.93496e-05;9.18475e-05
0.307465;-9.0453e-05;-6.22412e-05;0.000109799
0.308228;-0.000132353;-5.15648e-05;0.000142043
0.30899;-0.000163074;1.42296e-05;0.000163694
0.309753;-0.000120163;6.88615e-05;0.000138495
0.310516;-8.06783e-05;7.2431e-05;0.000108422
0.311279;-6.19219e-05;6.78894e-05;9.18874e-05
0.312042;-5.06553e-05;6.88941e-05;8.55124e-05
0.312805;-3.26416e-05;7.66782e-05;8.33368e-05
0.313568;5.03192e-06;6.81847e-05;6.83701e-05
0.314331;1.8285e-05;2.54111e-05;3.1306e-05
0.315094;1.33138e-06;-2.18038e-06;2.55473e-06
0.315857;-1.88848e-05;-1.53651e-05;2.43459e-05
0.31662;-4.29457e-05;-2.26751e-05;4.85643e-05
0.317383;-7.88954e-05;-1.88075e-05;8.11062e-05
0.318146;-0.000118399;2.6089e-05;0.000121239
0.318909;-8.8487e-05;9.54302e-05;0.000130142
0.319672;-3.32094e-05;9.85332e-05;0.000103979
0.320435;-8.95593e-06;7.99209e-05;8.04211e-05
0.321198;-1.63792e-07;6.48165e-05;6.48167e-05
0.32196;3.09995e-06;5.42941e-05;5.43825e-05
0.322723;4.28466e-06;4.68534e-05;4.70489e-05
0.323486;4.62074e-06;4.1379e-05;4.16362e-05
0.324249;4.59509e-06;3.72041e-05;3.74868e-05
0.325012;4.41555e-06;3.39163e-05;3.42025e-05
0.325775;4.17577e-06;3.12575e-05;3.15352e-05
0.326538;3.91958e-06;2.90594e-05;2.93226e-05
0.327301;3.66766e-06;2.72084e-05;2.74545e-05
0.328064;3.42947e-06;2.56254e-05;2.58538e-05
0.328827;3.20885e-06;2.42535e-05;2.44648e-05
0.32959;3.00683e-06;2.3051e-05;2.32463e-05
0.330353;2.82306e-06;2.19866e-05;2.21671e-05
0.331116;2.65651e-06;2.10363e-05;2.12033e-05
0.331879;2.50589e-06;2.01813e-05;2.03363e-05
0.332642;2.36984e-06;1.9407e-05;1.95511e-05
0.333405;2.24703e-06;1.87013e-05;1.88359e-05
0.334167;2.13624e-06;1.80549e-05;1.81808e-05
0.33493;2.03634e-06;1.74596e-05;1.7578e-05
0.335693;1.94632e-06;1.69091e-05;1.70207e-05
0.336456;1.86527e-06;1.63977e-05;1.65035e-05
0.337219;1.79241e-06;1.5921e-05;1.60216e-05
0.337982;1.72702e-06;1.54749e-05;1.5571e-05
0.338745;1.6685e-06;1.50562e-05;1.51483e-05
0.339508;1.61631e-06;1.46618e-05;1.47506e-05
0.340271;1.56996e-06;1.42893e-05;1.43753e-05
0.341034;1.52906e-06;1.39365e-05;1.40201e-05
0.341797;1.49325e-06;1.36014e-05;1.36831e-05
0.34256;1.46222e-06;1.32823e-05;1.33626e-05
0.343323;1.43572e-06;1.29777e-05;1.30569e-05
0.344086;1.41351e-06;1.26863e-05;1.27648e-05
0.344849;1.39542e-06;1.24067e-05;1.24849e-05
0.345612;1.38129e-06;1.21379e-05;1.22162e-05
0.346375;1.37102e-06;1.18788e-05;1.19576e-05
0.347137;1.36451e-06;1.16285e-05;1.17083e-05
0.3479;1.3617e-06;1.13863e-05;1.14674e-05
0.348663;1.36257e-06;1.11511e-05;1.12341e-05
0.349426;1.3671e-06;1.09224e-05;1.10076e-05
0.350189;1.37533e-06;1.06993e-05;1.07874e-05
0.350952;1.3873e-06;1.04813e-05;1.05727e-05
0.351715;1.40311e-06;1.02675e-05;1.0363e-05
0.352478;1.42285e-06;1.00575e-05;1.01576e-05
0.353241;1.44668e-06;9.85045e-06;9.95612e-06
0.354004;1.47477e-06;9.64578e-06;9.75787e-06
0.354767;1.50733e-06;9.44281e-06;9.56236e-06
0.35553;1.54463e-06;9.24082e-06;9.36903e-06
0.356293;1.58697e-06;9.03908e-06;9.17733e-06
0.357056;1.63469e-06;8.83677e-06;8.9867e-06
0.357819;1.68822e-06;8.63302e-06;8.79654e-06
0.358582;1.74803e-06;8.42684e-06;8.60623e-06
0.359344;1.81496e-06;8.21673e-06;8.41479e-06
0.360107;1.88908e-06;8.00208e-06;8.22204e-06
0.36087;1.9714e-06;7.78104e-06;8.02689e-06
0.361633;2.06275e-06;7.55175e-06;7.8284e-06
0.362396;2.16406e-06;7.312e-06;7.62551e-06
0.363159;2.27641e-06;7.05899e-06;7.41697e-06
0.363922;2.40098e-06;6.78925e-06;7.2013e-06
0.364685;2.53906e-06;6.4983e-06;6.97673e-06
0.365448;2.69197e-06;6.18027e-06;6.7411e-06
0.366211;2.86092e-06;5.82736e-06;6.49176e-06
0.366974;3.04673e-06;5.42892e-06;6.22541e-06
0.367737;3.24914e-06;4.97013e-06;5.93794e-06
0.3685;3.46542e-06;4.42983e-06;5.62428e-06
0.369263;3.68735e-06;3.77715e-06;5.27858e-06
0.370026;3.89412e-06;2.96619e-06;4.89515e-06
0.370789;4.03587e-06;1.92895e-06;4.47315e-06
0.371552;3.99272e-06;5.71338e-07;4.03339e-06
0.372314;3.47586e-06;-1.19321e-06;3.67496e-06
0.373077;1.84829e-06;-3.20137e-06;3.69661e-06
0.37384;-1.6251e-06;-4.12447e-06;4.43308e-06
0.374603;-4.96968e-06;-1.46321e-06;5.18061e-06
0.375366;-4.02113e-06;2.18726e-06;4.57751e-06
0.376129;-1.28117e-06;2.41154e-06;2.73074e-06
0.376892;-3.73176e-07;4.49581e-07;5.8428e-07
0.377655;-1.54128e-06;-1.29563e-06;2.0135e-06
0.378418;-3.9619e-06;-1.24124e-06;4.15179e-06
0.379181;-4.89431e-06;9.17195e-07;4.97951e-06
0.379944;-4.03971e-06;2.43081e-06;4.71467e-06
0.380707;-2.31733e-06;3.62284e-06;4.30058e-06
0.38147;1.28224e-06;2.55723e-06;2.86069e-06
0.382233;2.24015e-06;-2.62795e-06;3.45318e-06
0.382996;-2.00393e-06;-5.86632e-06;6.19915e-06
0.383759;-5.82381e-06;-4.81258e-06;7.55498e-06
0.384521;-7.36821e-06;-2.76763e-06;7.87085e-06
0.385284;-7.68161e-06;-1.1404e-06;7.7658e-06
0.386047;-7.50771e-06;-3.48045e-08;7.50779e-06
0.38681;-7.16337e-06;6.79815e-07;7.19555e-06
0.387573;-6.77031e-06;1.12237e-06;6.86271e-06
0.388336;-6.37337e-06;1.37468e-06;6.51993e-06
0.389099;-5.98645e-06;1.48713e-06;6.1684e-06
0.389862;-5.60977e-06;1.49099e-06;5.80453e-06
0.390625;-5.23686e-06;1.40409e-06;5.42182e-06
0.391388;-4.85688e-06;1.23418e-06;5.01124e-06
0.392151;-4.45461e-06;9.79855e-07;4.56111e-06
0.392914;-4.00897e-06;6.28925e-07;4.05801e-06
0.393677;-3.49012e-06;1.52791e-07;3.49346e-06
0.39444;-2.85534e-06;-5.07521e-07;2.90009e-06
0.395203;-2.04702e-06;-1.47528e-06;2.52324e-06
0.395966;-1.0148e-06;-3.02275e-06;3.18855e-06
0.396729;1.12722e-07;-5.76462e-06;5.76572e-06
0.397491;1.49748e-07;-1.07482e-05;1.07493e-05
0.398254;-4.60772e-06;-1.66958e-05;1.732e-05
0.399017;-1.24303e-05;-1.66793e-05;2.08017e-05
0.39978;-1.59259e-05;-1.34399e-05;2.0839e-05
0.400543;-1.70016e-05;-1.18498e-05;2.07237e-05
0.401306;-1.81114e-05;-1.19738e-05;2.17116e-05
0.402069;-2.03578e-05;-1.32676e-05;2.42995e-05
0.402832;-2.49119e-05;-1.51831e-05;2.91741e-05
0.403595;-3.37868e-05;-1.59127e-05;3.73465e-05
0.404358;-4.74967e-05;-8.66864e-06;4.82812e-05
0.405121;-5.18913e-05;1.24924e-05;5.33738e-05
0.405884;-3.85999e-05;2.62038e-05;4.66539e-05
0.406647;-2.69894e-05;2.69635e-05;3.81505e-05
0.40741;-2.11662e-05;2.47294e-05;3.25507e-05
0.408173;-1.86106e-05;2.31348e-05;2.96913e-05
0.408936;-1.75499e-05;2.3178e-05;2.90726e-05
0.409698;-1.62466e-05;2.56364e-05;3.03509e-05
0.410461;-1.10033e-05;2.97893e-05;3.17565e-05
0.411224;-1.15012e-06;2.81834e-05;2.82068e-05
0.411987;3.28011e-06;2.05958e-05;2.08554e-05
0.41275;2.84188e-06;1.50378e-05;1.53039e-05
0.413513;1.51912e-06;1.19153e-05;1.20117e-05
0.414276;3.5815e-07;1.00442e-05;1.00506e-05
0.415039;-5.40939e-07;8.7889e-06;8.80553e-06
0.415802;-1.23299e-06;7.86048e-06;7.9566e-06
0.416565;-1.77722e-06;7.12115e-06;7.33957e-06
0.417328;-2.2173e-06;6.4994e-06;6.86721e-06
0.418091;-2.58349e-06;5.95562e-06;6.49183e-06
0.418854;-2.89647e-06;5.46542e-06;6.18549e-06
0.419617;-3.17075e-06;5.01335e-06;5.93189e-06
0.42038;-3.41669e-06;4.58896e-06;5.72122e-06
0.421143;-3.64185e-06;4.18484e-06;5.54761e-06
0.421906;-3.85189e-06;3.79553e-06;5.40769e-06
0.422668;-4.05114e-06;3.41682e-06;5.29966e-06
0.423431;-4.243e-06;3.0454e-06;5.22279e-06
0.424194;-4.43022e-06;2.67857e-06;5.17702e-06
0.424957;-4.61504e-06;2.31406e-06;5.1627e-06
0.42572;-4.79937e-06;1.94992e-06;5.18036e-06
0.426483;-4.98489e-06;1.58442e-06;5.23063e-06
0.427246;-5.17307e-06;1.21601e-06;5.31407e-06
0.428009;-5.36528e-06;8.43258e-07;5.43114e-06
0.428772;-5.5628e-06;4.64807e-07;5.58219e-06
0.429535;-5.76687e-06;7.93619e-08;5.76742e-06
0.430298;-5.97873e-06;-3.14344e-07;5.98699e-06
0.431061;-6.1996e-06;-7.17567e-07;6.24099e-06
0.431824;-6.43078e-06;-1.13157e-06;6.52958e-06
0.432587;-6.67359e-06;-1.55765e-06;6.85296e-06
0.43335;-6.92944e-06;-1.99714e-06;7.2115e-06
0.434113;-7.19988e-06;-2.4514e-06;7.60576e-06
0.434875;-7.48654e-06;-2.92191e-06;8.03653e-06
0.435638;-7.79124e-06;-3.41021e-06;8.50487e-06
0.436401;-8.11597e-06;-3.91792e-06;9.01216e-06
0.437164;-8.46295e-06;-4.44681e-06;9.56011e-06
0.437927;-8.83467e-06;-4.99879e-06;1.01508e-05
0.43869;-9.23391e-06;-5.5759e-06;1.07868e-05
0.439453;-9.66385e-06;-6.18039e-06;1.14711e-05
0.440216;-1.01281e-05;-6.81471e-06;1.22073e-05
0.440979;-1.06307e-05;-7.48156e-06;1.29994e-05
0.441742;-1.11764e-05;-8.18389e-06;1.38523e-05
0.442505;-1.17706e-05;-8.92499e-06;1.47717e-05
0.443268;-1.24198e-05;-9.7085e-06;1.57641e-05
0.444031;-1.31312e-05;-1.05385e-05;1.68371e-05
0.444794;-1.39136e-05;-1.14194e-05;1.79998e-05
0.445557;-1.47773e-05;-1.23565e-05;1.92626e-05
0.44632;-1.57344e-05;-1.33552e-05;2.06381e-05
0.447083;-1.67996e-05;-1.44222e-05;2.21411e-05
0.447845;-1.79908e-05;-1.55645e-05;2.37891e-05
0.448608;-1.93294e-05;-1.67903e-05;2.56036e-05
0.449371;-2.08423e-05;-1.81089e-05;2.76103e-05
0.450134;-2.25624e-05;-1.95304e-05;2.98412e-05
0.450897;-2.45316e-05;-2.10664e-05;3.23356e-05
0.45166;-2.68031e-05;-2.27295e-05;3.51431e-05
0.452423;-2.9446e-05;-2.45332e-05;3.83268e-05
0.453186;-3.25511e-05;-2.64912e-05;4.19685e-05
0.453949;-3.62405e-05;-2.86156e-05;4.6176e-05
0.454712;-4.06818e-05;-3.0913e-05;5.10943e-05
0.455475;-4.61112e-05;-3.33767e-05;5.69231e-05
0.456238;-5.28708e-05;-3.5967e-05;6.39449e-05
0.457001;-6.14689e-05;-3.85736e-05;7.25696e-05
0.457764;-7.26949e-05;-4.08941e-05;8.34079e-05
0.458527;-8.77799e-05;-4.21696e-05;9.73837e-05
0.45929;-0.000108558;-4.03877e-05;0.000115827
0.460052;-0.000136786;-3.01142e-05;0.000140062
0.460815;-0.000167552;1.0719e-06;0.000167556
0.461578;-0.000169592;5.58371e-05;0.000178547
0.462341;-0.000135825;7.65756e-05;0.000155924
0.463104;-0.000139711;6.36013e-05;0.000153507
0.463867;-0.000185395;8.49041e-05;0.000203912
0.46463;-0.000220464;0.000165734;0.000275812
0.465393;-0.000211694;0.000297506;0.000365136
0.466156;-7.31914e-05;0.000469776;0.000475443
0.466919;0.000220956;0.000470276;0.000519597
0.467682;0.000394797;0.000275042;0.000481158
0.468445;0.000437583;8.21803e-05;0.000445233
0.469208;0.000430278;-9.77815e-05;0.000441248
0.469971;0.000352544;-0.000300458;0.000463208
0.470734;0.000115329;-0.000449887;0.000464434
0.471497;-0.000143471;-0.000361021;0.000388484
0.47226;-0.000225676;-0.000189836;0.000294902
0.473022;-0.000201792;-6.68933e-05;0.000212591
0.473785;-0.000146559;-3.06237e-05;0.000149724
0.474548;-0.00014619;-3.59619e-05;0.000150548
0.475311;-0.000166921;2.201e-06;0.000166935
0.476074;-0.000148678;4.74832e-05;0.000156076
0.476837;-0.000119158;6.85276e-05;0.000137458
0.4776;-9.49389e-05;7.54667e-05;0.000121279
0.478363;-7.69951e-05;7.65904e-05;0.000108602
0.479126;-6.36993e-05;7.54162e-05;9.87178e-05
0.479889;-5.36392e-05;7.33645e-05;9.08818e-05
0.480652;-4.58492e-05;7.10299e-05;8.45423e-05
0.481415;-3.96884e-05;6.86699e-05;7.93141e-05
0.482178;-3.47258e-05;6.63961e-05;7.49288e-05
0.482941;-3.06652e-05;6.4254e-05;7.11964e-05
0.483704;-2.72973e-05;6.22579e-05;6.79793e-05
0.484467;-2.44711e-05;6.04077e-05;6.51761e-05
0.485229;-2.20749e-05;5.86966e-05;6.27104e-05
0.485992;-2.00251e-05;5.71151e-05;6.05238e-05
0.486755;-1.82575e-05;5.56525e-05;5.85708e-05
0.487518;-1.67224e-05;5.42988e-05;5.68154e-05
0.488281;-1.53806e-05;5.3044e-05;5.52289e-05
0.489044;-1.4201e-05;5.18793e-05;5.37878e-05
0.489807;-1.31586e-05;5.07964e-05;5.24731e-05
0.49057;-1.22315e-05;4.97882e-05;5.12686e-05
0.491333;-1.14063e-05;4.88479e-05;5.0162e-05
0.492096;-1.06675e-05;4.79697e-05;4.91415e-05
0.492859;-1.00035e-05;4.71483e-05;4.81979e-05
0.493622;-9.40491e-06;4.63791e-05;4.7323e-05
0.494385;-8.86347e-06;4.56576e-05;4.651e-05
0.495148;-8.37235e-06;4.49803e-05;4.57528e-05
0.495911;-7.92567e-06;4.43435e-05;4.50463e-05
0.496674;-7.51843e-06;4.37444e-05;4.43858e-05
0.497437;-7.14629e-06;4.318e-05;4.37674e-05
0.498199;-6.8055e-06;4.26479e-05;4.31875e-05
0.498962;-6.49281e-06;4.21458e-05;4.2643e-05
0.499725;-6.20539e-06;4.16717e-05;4.21312e-05
0.500488;-5.94075e-06;4.12237e-05;4.16495e-05
0.501251;-5.6967e-06;4.08e-05;4.11958e-05
0.502014;-5.47134e-06;4.03992e-05;4.0768e-05
0.502777;-5.26296e-06;4.00198e-05;4.03644e-05
0.50354;-5.07005e-06;3.96605e-05;3.99833e-05
0.504303;-4.89126e-06;3.93201e-05;3.96232e-05
0.505066;-4.72543e-06;3.89975e-05;3.92828e-05
0.505829;-4.57148e-06;3.86918e-05;3.89609e-05
0.506592;-4.42846e-06;3.84019e-05;3.86564e-05
0.507355;-4.2955e-06;3.81271e-05;3.83683e-05
0.508118;-4.17185e-06;3.78666e-05;3.80957e-05
0.508881;-4.0568e-06;3.76195e-05;3.78376e-05
0.509644;-3.94974e-06;3.73853e-05;3.75934e-05
0.510406;-3.85009e-06;3.71633e-05;3.73622e-05
0.511169;-3.75736e-06;3.6953e-05;3.71435e-05
0.511932;-3.67106e-06;3.67537e-05;3.69366e-05
0.512695;-3.59079e-06;3.65651e-05;3.6741e-05
0.513458;-3.51617e-06;3.63866e-05;3.65561e-05
0.514221;-3.44683e-06;3.62178e-05;3.63814e-05
0.514984;-3.38247e-06;3.60583e-05;3.62166e-05
0.515747;-3.3228e-06;3.59077e-05;3.60611e-05
0.51651;-3.26756e-06;3.57657e-05;3.59146e-05
0.517273;-3.2165e-06;3.56319e-05;3.57768e-05
0.518036;-3.16941e-06;3.55061e-05;3.56472e-05
0.518799;-3.12609e-06;3.53879e-05;3.55257e-05
0.519562;-3.08636e-06;3.5277e-05;3.54118e-05
0.520325;-3.05005e-06;3.51733e-05;3.53053e-05
0.521088;-3.017e-06;3.50765e-05;3.5206e-05
0.521851;-2.9871e-06;3.49864e-05;3.51137e-05
0.522614;-2.9602e-06;3.49027e-05;3.5028e-05
0.523376;-2.9362e-06;3.48253e-05;3.49489e-05
0.524139;-2.91499e-06;3.4754e-05;3.4876e-05
0.524902;-2.89649e-06;3.46886e-05;3.48093e-05
0.525665;-2.88061e-06;3.4629e-05;3.47486e-05
0.526428;-2.86727e-06;3.4575e-05;3.46937e-05
0.527191;-2.85643e-06;3.45265e-05;3.46444e-05
0.527954;-2.84801e-06;3.44833e-05;3.46007e-05
0.528717;-2.84197e-06;3.44453e-05;3.45624e-05
0.52948;-2.83826e-06;3.44125e-05;3.45294e-05
0.530243;-2.83686e-06;3.43847e-05;3.45015e-05
0.531006;-2.83774e-06;3.43618e-05;3.44788e-05
0.531769;-2.84087e-06;3.43437e-05;3.4461e-05
0.532532;-2.84625e-06;3.43304e-05;3.44482e-05
0.533295;-2.85386e-06;3.43217e-05;3.44402e-05
0.534058;-2.8637e-06;3.43176e-05;3.44369e-05
0.534821;-2.87578e-06;3.43181e-05;3.44384e-05
0.535583;-2.89011e-06;3.4323e-05;3.44445e-05
0.536346;-2.90671e-06;3.43324e-05;3.44552e-05
0.537109;-2.92561e-06;3.43461e-05;3.44705e-05
0.537872;-2.94682e-06;3.43641e-05;3.44902e-05
0.538635;-2.97041e-06;3.43865e-05;3.45145e-05
0.539398;-2.9964e-06;3.4413e-05;3.45432e-05
0.540161;-3.02485e-06;3.44439e-05;3.45764e-05
0.540924;-3.05583e-06;3.44789e-05;3.4614e-05
0.541687;-3.08941e-06;3.45181e-05;3.4656e-05
0.54245;-3.12565e-06;3.45614e-05;3.47025e-05
0.543213;-3.16466e-06;3.4609e-05;3.47534e-05
0.543976;-3.20653e-06;3.46607e-05;3.48087e-05
0.544739;-3.25136e-06;3.47165e-05;3.48684e-05
0.545502;-3.29929e-06;3.47765e-05;3.49327e-05
0.546265;-3.35043e-06;3.48407e-05;3.50014e-05
0.547028;-3.40495e-06;3.49091e-05;3.50747e-05
0.547791;-3.46312e-06;3.49819e-05;3.51529e-05
0.548553;-3.52489e-06;3.50587e-05;3.52355e-05
0.549316;-3.59056e-06;3.51398e-05;3.53228e-05
0.550079;-3.66035e-06;3.52252e-05;3.54149e-05
0.550842;-3.7345e-06;3.5315e-05;3.55119e-05
0.551605;-3.81328e-06;3.54091e-05;3.56138e-05
0.552368;-3.89696e-06;3.55076e-05;3.57208e-05
0.553131;-3.98588e-06;3.56107e-05;3.58331e-05
0.553894;-4.08039e-06;3.57184e-05;3.59507e-05
0.554657;-4.18088e-06;3.58307e-05;3.60738e-05
0.55542;-4.28777e-06;3.59478e-05;3.62026e-05
0.556183;-4.40157e-06;3.60697e-05;3.63372e-05
0.556946;-4.5228e-06;3.61965e-05;3.6478e-05
0.557709;-4.65208e-06;3.63285e-05;3.66252e-05
0.558472;-4.79007e-06;3.64657e-05;3.6779e-05
0.559235;-4.93755e-06;3.66083e-05;3.69397e-05
0.559998;-5.09535e-06;3.67564e-05;3.71079e-05
0.56076;-5.26447e-06;3.69103e-05;3.72838e-05
0.561523;-5.44599e-06;3.70702e-05;3.74681e-05
0.562286;-5.64117e-06;3.72363e-05;3.76612e-05
0.563049;-5.85147e-06;3.7409e-05;3.78639e-05
0.563812;-6.07845e-06;3.75884e-05;3.80767e-05
0.564575;-6.3242e-06;3.77753e-05;3.83011e-05
0.565338;-6.59088e-06;3.79701e-05;3.85378e-05
0.566101;-6.88109e-06;3.81731e-05;3.87884e-05
0.566864;-7.19792e-06;3.83853e-05;3.90544e-05
0.567627;-7.54504e-06;3.86074e-05;3.93378e-05
0.56839;-7.92683e-06;3.88406e-05;3.96412e-05
0.569153;-8.34859e-06;3.90861e-05;3.99677e-05
0.569916;-8.81679e-06;3.93456e-05;4.03214e-05
0.570679;-9.33939e-06;3.96216e-05;4.07074e-05
0.571442;-9.92632e-06;3.9917e-05;4.11327e-05
0.572205;-1.05902e-05;4.0236e-05;4.16063e-05
0.572968;-1.1347e-05;4.05846e-05;4.2141e-05
0.57373;-1.22178e-05;4.09714e-05;4.27542e-05
0.574493;-1.32302e-05;4.14094e-05;4.34716e-05
0.575256;-1.44214e-05;4.19191e-05;4.43305e-05
0.576019;-1.58422e-05;4.25338e-05;4.53883e-05
0.576782;-1.75621e-05;4.331e-05;4.67353e-05
0.577545;-1.96756e-05;4.43494e-05;4.8518e-05
0.578308;-2.23021e-05;4.58418e-05;5.0979e-05
0.579071;-2.55564e-05;4.81539e-05;5.45154e-05
0.579834;-2.93928e-05;5.19799e-05;5.97147e-05
0.580597;-3.30688e-05;5.84079e-05;6.71195e-05
0.58136;-3.41629e-05;6.79373e-05;7.60433e-05
0.582123;-2.99282e-05;7.74824e-05;8.30616e-05
0.582886;-2.3253e-05;8.24005e-05;8.56187e-05
0.583649;-1.93283e-05;8.48287e-05;8.70028e-05
0.584412;-1.70699e-05;8.96227e-05;9.12338e-05
0.585175;-1.23233e-05;9.70273e-05;9.78068e-05
0.585938;-3.25754e-06;0.00010472;0.000104771
0.5867;1.16873e-05;0.000109954;0.000110573
0.587463;3.11119e-05;0.000105988;0.00011046
0.588226;4.43928e-05;9.05956e-05;0.000100887
0.588989;4.58443e-05;7.4151e-05;8.71784e-05
0.589752;4.1409e-05;6.33919e-05;7.57182e-05
0.590515;3.61444e-05;5.74234e-05;6.78518e-05
0.591278;3.15918e-05;5.41979e-05;6.27332e-05
0.592041;2.79204e-05;5.24518e-05;5.94201e-05
0.592804;2.49866e-05;5.15285e-05;5.7267e-05
0.593567;2.26214e-05;5.10879e-05;5.58722e-05
0.59433;2.06884e-05;5.09473e-05;5.49876e-05
0.595093;1.90859e-05;5.10033e-05;5.44574e-05
0.595856;1.77396e-05;5.11953e-05;5.41816e-05
0.596619;1.65949e-05;5.14858e-05;5.40941e-05
0.597382;1.56111e-05;5.18514e-05;5.41505e-05
0.598145;1.47578e-05;5.22767e-05;5.43199e-05
0.598907;1.40114e-05;5.27519e-05;5.45809e-05
0.59967;1.33537e-05;5.327e-05;5.49182e-05
0.600433;1.27705e-05;5.38266e-05;5.53208e-05
0.601196;1.22502e-05;5.44189e-05;5.57807e-05
0.601959;1.17838e-05;5.5045e-05;5.62922e-05
0.602722;1.13638e-05;5.5704e-05;5.68513e-05
0.603485;1.09839e-05;5.63953e-05;5.7455e-05
0.604248;1.06391e-05;5.71191e-05;5.81015e-05
0.605011;1.03247e-05;5.78758e-05;5.87895e-05
0.605774;1.00378e-05;5.86662e-05;5.95187e-05
0.606537;9.775e-06;5.94914e-05;6.02891e-05
0.6073;9.53368e-06;6.03527e-05;6.1101e-05
0.608063;9.31158e-06;6.12515e-05;6.19553e-05
0.608826;9.10673e-06;6.21899e-05;6.28531e-05
0.609589;8.91741e-06;6.31696e-05;6.37959e-05
0.610352;8.74211e-06;6.41931e-05;6.47857e-05
0.611115;8.57951e-06;6.52629e-05;6.58244e-05
0.611877;8.42842e-06;6.63818e-05;6.69148e-05
0.61264;8.28777e-06;6.7553e-05;6.80595e-05
0.613403;8.15661e-06;6.87799e-05;6.92618e-05
0.614166;8.03407e-06;7.00662e-05;7.05253e-05
0.614929;7.91935e-06;7.14164e-05;7.18541e-05
0.615692;7.81169e-06;7.2835e-05;7.32527e-05
0.616455;7.7104e-06;7.43272e-05;7.47261e-05
0.617218;7.61482e-06;7.58989e-05;7.62799e-05
0.617981;7.52432e-06;7.75565e-05;7.79206e-05
0.618744;7.43828e-06;7.93072e-05;7.96552e-05
0.619507;7.35608e-06;8.1159e-05;8.14917e-05
0.62027;7.27712e-06;8.31212e-05;8.34392e-05
0.621033;7.20079e-06;8.52039e-05;8.55077e-05
0.621796;7.12644e-06;8.74188e-05;8.77088e-05
0.622559;7.05344e-06;8.97792e-05;9.00558e-05
0.623322;6.98109e-06;9.23e-05;9.25637e-05
0.624084;6.90868e-06;9.49989e-05;9.52497e-05
0.624847;6.83546e-06;9.78957e-05;9.8134e-05
0.62561;6.76061e-06;0.000101014;0.00010124
0.626373;6.68333e-06;0.000104381;0.000104594
0.627136;6.60276e-06;0.000108028;0.000108229
0.627899;6.51811e-06;0.000111994;0.000112183
0.628662;6.42863e-06;0.000116324;0.000116501
0.629425;6.33381e-06;0.000121073;0.000121238
0.630188;6.23355e-06;0.000126307;0.000126461
0.630951;6.12854e-06;0.00013211;0.000132252
0.631714;6.02082e-06;0.000138582;0.000138713
0.632477;5.91494e-06;0.000145855;0.000145975
0.63324;5.81983e-06;0.000154094;0.000154204
0.634003;5.75233e-06;0.000163518;0.000163619
0.634766;5.73752e-06;0.000174423;0.000174517
0.635529;5.84147e-06;0.000187194;0.000187285
0.636292;6.17027e-06;0.000202392;0.000202486
0.637054;6.94036e-06;0.000220819;0.000220928
0.637817;8.5997e-06;0.000243662;0.000243814
0.63858;1.21318e-05;0.000272715;0.000272985
0.639343;1.98284e-05;0.000310606;0.000311238
0.640106;3.71298e-05;0.000360376;0.000362284
0.640869;7.49138e-05;0.000421482;0.000428088
0.641632;0.000142275;0.000482472;0.000503012
0.642395;0.000237554;0.000538848;0.000588888
0.643158;0.000390274;0.000586193;0.000704228
0.643921;0.000623713;0.000547804;0.000830125
0.644684;0.000836162;0.000315554;0.000893723
0.645447;0.00080679;-1.85748e-05;0.000807004
0.64621;0.00057732;-0.000183653;0.000605828
0.646973;0.000365639;-0.000111472;0.000382253
0.647736;0.000373507;8.75469e-05;0.00038363
0.648499;0.000603455;0.00013341;0.000618026
0.649261;0.000799925;-9.20451e-05;0.000805203
0.650024;0.000727986;-0.000418118;0.000839516
0.650787;0.000482012;-0.000561259;0.00073983
0.65155;0.000277939;-0.000551517;0.000617593
0.652313;0.000142083;-0.000484561;0.000504963
0.653076;6.6686e-05;-0.000404502;0.000409962
0.653839;2.99279e-05;-0.000336017;0.000337347
0.654602;1.25593e-05;-0.000282886;0.000283165
0.655365;4.44721e-06;-0.0002421;0.000242141
0.656128;8.60978e-07;-0.000210288;0.00021029
0.656891;-4.20747e-07;-0.000184918;0.000184918
0.657654;-4.79622e-07;-0.000164232;0.000164233
0.658417;1.38106e-07;-0.00014702;0.00014702
0.65918;1.14958e-06;-0.000132436;0.000132441
0.659943;2.40779e-06;-0.000119878;0.000119902
0.660706;3.8392e-06;-0.000108906;0.000108974
0.661469;5.41228e-06;-9.91949e-05;9.93424e-05
0.662231;7.1212e-06;-9.04955e-05;9.07752e-05
0.662994;8.97595e-06;-8.26106e-05;8.30968e-05
0.663757;1.10061e-05;-7.54017e-05;7.62008e-05
0.66452;1.32479e-05;-6.87418e-05;7.00067e-05
0.665283;1.57542e-05;-6.25342e-05;6.44881e-05
0.666046;1.85963e-05;-5.67013e-05;5.96729e-05
0.666809;2.1868e-05;-5.11831e-05;5.56589e-05
0.667572;2.56987e-05;-4.59365e-05;5.26363e-05
0.668335;3.0268e-05;-4.09412e-05;5.09149e-05
0.669098;3.58338e-05;-3.62132e-05;5.09457e-05
0.669861;4.27795e-05;-3.18396e-05;5.33277e-05
0.670624;5.1689e-05;-2.80689e-05;5.88185e-05
0.671387;6.34354e-05;-2.55547e-05;6.83892e-05
0.67215;7.907e-05;-2.59439e-05;8.32175e-05
0.672913;9.86113e-05;-3.26202e-05;0.000103867
0.673676;0.000118773;-4.88055e-05;0.00012841
0.674438;0.00013672;-7.41166e-05;0.000155517
0.675201;0.000152939;-0.000112712;0.000189985
0.675964;0.00015672;-0.000176427;0.000235982
0.676727;0.000113121;-0.000262602;0.00028593
0.67749;-3.34306e-06;-0.000313166;0.000313184
0.678253;-0.000128507;-0.000271487;0.000300366
0.679016;-0.000196625;-0.000181;0.000267249
0.679779;-0.000217775;-9.04964e-05;0.000235829
0.680542;-0.000214212;-8.37523e-06;0.000214376
0.681305;-0.000191865;7.34408e-05;0.00020544
0.682068;-0.000134307;0.000157548;0.000207026
0.682831;-2.22224e-05;0.000208361;0.000209542
0.683594;9.91438e-05;0.000173815;0.000200103
0.684357;0.000157409;8.80083e-05;0.000180342
0.68512;0.000159014;1.28122e-05;0.00015953
0.685883;0.000135988;-3.44404e-05;0.000140281
0.686646;0.000109395;-5.81863e-05;0.000123907
0.687408;8.74516e-05;-6.84711e-05;0.000111068
0.688171;7.08172e-05;-7.22458e-05;0.000101166
0.688934;5.82847e-05;-7.29476e-05;9.33727e-05
0.689697;4.87073e-05;-7.21631e-05;8.70627e-05
0.69046;4.12539e-05;-7.06547e-05;8.18166e-05
0.691223;3.53504e-05;-6.88069e-05;7.73565e-05
0.691986;3.05996e-05;-6.68216e-05;7.34946e-05
0.692749;2.67223e-05;-6.48072e-05;7.01003e-05
0.693512;2.35182e-05;-6.28221e-05;6.708e-05
0.694275;2.0841e-05;-6.08973e-05;6.43648e-05
0.695038;1.85821e-05;-5.90481e-05;6.19029e-05
0.695801;1.66592e-05;-5.72809e-05;5.96542e-05
0.696564;1.50094e-05;-5.5597e-05;5.75874e-05
0.697327;1.35837e-05;-5.39949e-05;5.56773e-05
0.69809;1.23436e-05;-5.24714e-05;5.39037e-05
0.698853;1.12585e-05;-5.10224e-05;5.22498e-05
0.699615;1.03038e-05;-4.96437e-05;5.07018e-05
0.700378;9.45958e-06;-4.83309e-05;4.92479e-05
0.701141;8.7096e-06;-4.70796e-05;4.78784e-05
0.701904;8.04044e-06;-4.58857e-05;4.65848e-05
0.702667;7.44094e-06;-4.47453e-05;4.53598e-05
0.70343;6.90182e-06;-4.36549e-05;4.41971e-05
0.704193;6.41527e-06;-4.26111e-05;4.30913e-05
0.704956;5.97467e-06;-4.16106e-05;4.20374e-05
0.705719;5.5744e-06;-4.06508e-05;4.10312e-05
0.706482;5.20967e-06;-3.97288e-05;4.00689e-05
0.707245;4.87636e-06;-3.88423e-05;3.91472e-05
0.708008;4.5709e-06;-3.79889e-05;3.82629e-05
0.708771;4.29022e-06;-3.71667e-05;3.74135e-05
0.709534;4.03164e-06;-3.63736e-05;3.65963e-05
0.710297;3.79281e-06;-3.56079e-05;3.58093e-05
0.71106;3.57169e-06;-3.48679e-05;3.50504e-05
0.711823;3.36647e-06;-3.41522e-05;3.43177e-05
0.712585;3.17556e-06;-3.34592e-05;3.36095e-05
0.713348;2.99656e-06;-3.27871e-05;3.29237e-05
0.714111;2.83027e-06;-3.21358e-05;3.22602e-05
0.714874;2.67447e-06;-3.15037e-05;3.1617e-05
0.715637;2.52819e-06;-3.08895e-05;3.09928e-05
0.7164;2.39051e-06;-3.02923e-05;3.03865e-05
0.717163;2.26064e-06;-2.97112e-05;2.97971e-05
0.717926;2.13783e-06;-2.91453e-05;2.92236e-05
0.718689;2.02143e-06;-2.85936e-05;2.8665e-05
0.719452;1.91082e-06;-2.80556e-05;2.81206e-05
0.720215;1.80546e-06;-2.75303e-05;2.75894e-05
0.720978;1.70485e-06;-2.70171e-05;2.70708e-05
0.721741;1.60851e-06;-2.65153e-05;2.65641e-05
0.722504;1.51602e-06;-2.60243e-05;2.60685e-05
0.723267;1.42698e-06;-2.55435e-05;2.55834e-05
0.72403;1.34102e-06;-2.50723e-05;2.51081e-05
0.724792;1.2578e-06;-2.46101e-05;2.46422e-05
0.725555;1.17697e-06;-2.41564e-05;2.4185e-05
0.726318;1.09824e-06;-2.37106e-05;2.3736e-05
0.727081;1.02131e-06;-2.32722e-05;2.32946e-05
0.727844;9.45901e-07;-2.28409e-05;2.28604e-05
0.728607;8.71732e-07;-2.24159e-05;2.24329e-05
0.72937;7.98543e-07;-2.1997e-05;2.20115e-05
0.730133;7.26076e-07;-2.15835e-05;2.15957e-05
0.730896;6.54075e-07;-2.11751e-05;2.11852e-05
0.731659;5.82289e-07;-2.07712e-05;2.07794e-05
0.732422;5.10466e-07;-2.03714e-05;2.03778e-05
0.733185;4.38351e-07;-1.99752e-05;1.99801e-05
0.733948;3.65688e-07;-1.95821e-05;1.95856e-05
0.734711;2.92215e-07;-1.91916e-05;1.91939e-05
0.735474;2.17661e-07;-1.88032e-05;1.88045e-05
0.736237;1.41749e-07;-1.84163e-05;1.84168e-05
0.737;6.41861e-08;-1.80302e-05;1.80303e-05
0.737762;-1.53295e-08;-1.76445e-05;1.76445e-05
0.738525;-9.71177e-08;-1.72584e-05;1.72587e-05
0.739288;-1.81516e-07;-1.68712e-05;1.68722e-05
0.740051;-2.6888e-07;-1.64821e-05;1.64843e-05
0.740814;-3.59661e-07;-1.60896e-05;1.60937e-05
0.741577;-4.54119e-07;-1.5694e-05;1.57005e-05
0.74234;-5.52756e-07;-1.52935e-05;1.53034e-05
0.743103;-6.56028e-07;-1.48868e-05;1.49013e-05
0.743866;-7.64421e-07;-1.44727e-05;1.44928e-05
0.744629;-8.78444e-07;-1.40493e-05;1.40767e-05
0.745392;-9.98628e-07;-1.36148e-05;1.36513e-05
0.746155;-1.12552e-06;-1.31668e-05;1.32148e-05
0.746918;-1.25966e-06;-1.27027e-05;1.2765e-05
0.747681;-1.40156e-06;-1.22193e-05;1.22994e-05
0.748444;-1.55168e-06;-1.17124e-05;1.18148e-05
0.749207;-1.71033e-06;-1.11774e-05;1.13075e-05
0.749969;-1.87758e-06;-1.06081e-05;1.0773e-05
0.750732;-2.05332e-06;-9.99692e-06;1.02056e-05
0.751495;-2.23609e-06;-9.33468e-06;9.59877e-06
0.752258;-2.42386e-06;-8.60902e-06;8.94373e-06
0.753021;-2.6125e-06;-7.80411e-06;8.22979e-06
0.753784;-2.79459e-06;-6.89927e-06;7.44376e-06
0.754547;-2.95712e-06;-5.86707e-06;6.57017e-06
0.75531;-3.07746e-06;-4.67102e-06;5.59367e-06
0.756073;-3.11575e-06;-3.26257e-06;4.51134e-06
0.756836;-3.00093e-06;-1.57853e-06;3.39078e-06
0.757599;-2.60411e-06;4.57592e-07;2.64401e-06
0.758362;-1.68897e-06;2.9179e-06;3.37146e-06
0.759125;1.70706e-07;5.79698e-06;5.79949e-06
0.759888;3.67217e-06;8.78314e-06;9.51989e-06
0.760651;9.60521e-06;1.07413e-05;1.44095e-05
0.761414;1.77433e-05;9.30019e-06;2.00329e-05
0.762177;2.5199e-05;2.35059e-06;2.53084e-05
0.762939;2.77717e-05;-8.94334e-06;2.91762e-05
0.763702;2.34819e-05;-2.08214e-05;3.13836e-05
0.764465;1.24777e-05;-2.94591e-05;3.19927e-05
0.765228;-3.10616e-06;-3.03215e-05;3.04802e-05
0.765991;-1.64577e-05;-2.09132e-05;2.66124e-05
0.766754;-2.06461e-05;-6.10072e-06;2.15286e-05
0.767517;-1.59404e-05;6.02691e-06;1.70417e-05
0.76828;-7.81819e-06;1.19218e-05;1.42567e-05
0.769043;-6.11865e-07;1.2984e-05;1.29984e-05
0.769806;4.36572e-06;1.17527e-05;1.25374e-05
0.770569;7.42018e-06;9.8765e-06;1.23533e-05
0.771332;9.18156e-06;8.07445e-06;1.22269e-05
0.772095;1.01498e-05;6.57346e-06;1.20925e-05
0.772858;1.06478e-05;5.40229e-06;1.19399e-05
0.773621;1.08709e-05;4.52499e-06;1.17751e-05
0.774384;1.0935e-05;3.89199e-06;1.1607e-05
0.775146;1.09091e-05;3.45727e-06;1.14438e-05
0.775909;1.08344e-05;3.18275e-06;1.12922e-05
0.776672;1.07359e-05;3.03828e-06;1.11576e-05
0.777435;1.06289e-05;3.00047e-06;1.10443e-05
0.778198;1.05225e-05;3.05128e-06;1.0956e-05
0.778961;1.04225e-05;3.17683e-06;1.08959e-05
0.779724;1.0332e-05;3.36646e-06;1.08666e-05
0.780487;1.02531e-05;3.61193e-06;1.08707e-05
0.78125;1.01869e-05;3.90694e-06;1.09104e-05
0.782013;1.01339e-05;4.24667e-06;1.09877e-05
0.782776;1.00943e-05;4.62746e-06;1.11044e-05
0.783539;1.00682e-05;5.0466e-06;1.12622e-05
0.784302;1.00554e-05;5.50214e-06;1.14623e-05
0.785065;1.0056e-05;5.99275e-06;1.17063e-05
0.785828;1.00698e-05;6.51765e-06;1.1995e-05
0.786591;1.00966e-05;7.07649e-06;1.23296e-05
0.787354;1.01365e-05;7.66934e-06;1.2711e-05
0.788116;1.01896e-05;8.29664e-06;1.31401e-05
0.788879;1.02558e-05;8.95912e-06;1.36179e-05
0.789642;1.03352e-05;9.65798e-06;1.41454e-05
0.790405;1.04282e-05;1.03946e-05;1.4724e-05
0.791168;1.05351e-05;1.11708e-05;1.5355e-05
0.791931;1.06562e-05;1.19887e-05;1.60401e-05
0.792694;1.07922e-05;1.28507e-05;1.67813e-05
0.793457;1.09435e-05;1.37599e-05;1.75811e-05
0.79422;1.11111e-05;1.47195e-05;1.84424e-05
0.794983;1.12959e-05;1.57336e-05;1.93686e-05
0.795746;1.14989e-05;1.68067e-05;2.03639e-05
0.796509;1.17215e-05;1.7944e-05;2.14331e-05
0.797272;1.19654e-05;1.91516e-05;2.25821e-05
0.798035;1.22324e-05;2.04367e-05;2.38178e-05
0.798798;1.25248e-05;2.18076e-05;2.51484e-05
0.799561;1.28456e-05;2.32744e-05;2.65839e-05
0.800323;1.31982e-05;2.48488e-05;2.81363e-05
0.801086;1.35868e-05;2.65451e-05;2.98202e-05
0.801849;1.40171e-05;2.83806e-05;3.16534e-05
0.802612;1.44961e-05;3.03768e-05;3.36584e-05
0.803375;1.50329e-05;3.25605e-05;3.58633e-05
0.804138;1.56399e-05;3.49655e-05;3.83039e-05
0.804901;1.63341e-05;3.76356e-05;4.10273e-05
0.805664;1.71393e-05;4.06286e-05;4.40958e-05
0.806427;1.80905e-05;4.40221e-05;4.75942e-05
0.80719;1.92405e-05;4.79232e-05;5.16413e-05
0.807953;2.06729e-05;5.24843e-05;5.6409e-05
0.808716;2.25272e-05;5.79289e-05;6.21549e-05
0.809479;2.50506e-05;6.45971e-05;6.92843e-05
0.810242;2.87158e-05;7.30261e-05;7.84692e-05
0.811005;3.45161e-05;8.40914e-05;9.08996e-05
0.811768;4.4799e-05;9.92006e-05;0.000108847
0.812531;6.59432e-05;0.000120027;0.000136949
0.813293;0.000116936;0.000141939;0.000183904
0.814056;0.000221473;0.000100222;0.000243094
0.814819;0.000202696;-4.99556e-05;0.000208761
0.815582;0.000107166;-6.83309e-05;0.000127097
0.816345;6.63926e-05;-4.4698e-05;8.00368e-05
0.817108;5.02908e-05;-2.42965e-05;5.58523e-05
0.817871;4.33693e-05;-9.05609e-06;4.43047e-05
0.818634;4.04223e-05;2.7497e-06;4.05157e-05
0.819397;3.94969e-05;1.24192e-05;4.14034e-05
0.82016;3.97647e-05;2.07607e-05;4.4858e-05
0.820923;4.08441e-05;2.82816e-05;4.96798e-05
0.821686;4.25548e-05;3.53157e-05;5.53002e-05
0.822449;4.48196e-05;4.20948e-05;6.1488e-05
0.823212;4.7621e-05;4.87902e-05;6.8178e-05
0.823975;5.09822e-05;5.5536e-05;7.53885e-05
0.824738;5.49596e-05;6.24442e-05;8.31855e-05
0.8255;5.96418e-05;6.9613e-05;9.16685e-05
0.826263;6.51529e-05;7.71329e-05;0.000100967
0.827026;7.16607e-05;8.50895e-05;0.000111245
0.827789;7.93971e-05;9.35654e-05;0.000122713
0.828552;8.86503e-05;0.000102631;0.000135617
0.829315;9.98345e-05;0.000112346;0.000150295
0.830078;0.000113511;0.000122736;0.000167179
0.830841;0.000130466;0.000133753;0.000186846
0.831604;0.000151822;0.000145197;0.000210077
0.832367;0.000179215;0.000156537;0.000237954
0.83313;0.00021505;0.000166514;0.00027198
0.833893;0.000262776;0.000172199;0.000314172
0.834656;0.00032664;0.000166912;0.000366815
0.835419;0.000408898;0.00013671;0.000431146
0.836182;0.000501466;5.78795e-05;0.000504795
0.836945;0.000567569;-9.81348e-05;0.000575991
0.837708;0.00052056;-0.000319105;0.000610582
0.83847;0.000305615;-0.000473732;0.000563758
0.839233;5.01925e-05;-0.000437475;0.000440345
0.839996;-0.00010264;-0.000282955;0.000300996
0.840759;-0.000169912;-0.000103615;0.000199013
0.841522;-0.000160656;0.000126073;0.000204218
0.842285;4.12925e-05;0.000357943;0.000360317
0.843048;0.000392732;0.000353738;0.000528554
0.843811;0.000593345;0.00010563;0.000602674
0.844574;0.000575904;-0.000134005;0.000591289
0.845337;0.000476238;-0.000266747;0.000545854
0.8461;0.000376786;-0.000322843;0.000496181
0.846863;0.000297627;-0.000339927;0.00045181
0.847626;0.000237998;-0.00033915;0.000414326
0.848389;0.000193329;-0.000330682;0.000383049
0.849152;0.000159509;-0.00031926;0.000356889
0.849915;0.000133501;-0.00030708;0.000334844
0.850677;0.000113168;-0.000295146;0.000316098
0.85144;9.70224e-05;-0.000283896;0.000300017
0.852203;8.40143e-05;-0.000273493;0.000286106
0.852966;7.3396e-05;-0.000263968;0.000273982
0.853729;6.46257e-05;-0.000255292;0.000263345
0.854492;5.73044e-05;-0.000247406;0.000253955
0.855255;5.11338e-05;-0.000240243;0.000245625
0.856018;4.58879e-05;-0.000233738;0.0002382
0.856781;4.13931e-05;-0.000227825;0.000231555
0.857544;3.75142e-05;-0.000222447;0.000225588
0.858307;3.41449e-05;-0.000217551;0.000220215
0.85907;3.12008e-05;-0.000213091;0.000215363
0.859833;2.86142e-05;-0.000209024;0.000210974
0.860596;2.63302e-05;-0.000205315;0.000206997
0.861359;2.4304e-05;-0.000201931;0.000203388
0.862122;2.24987e-05;-0.000198842;0.000200111
0.862885;2.08835e-05;-0.000196022;0.000197131
0.863647;1.94336e-05;-0.000193454;0.000194428
0.86441;1.81273e-05;-0.000191115;0.000191972
0.865173;1.69465e-05;-0.000188987;0.000189745
0.865936;1.58759e-05;-0.000187058;0.00018773
0.866699;1.49023e-05;-0.000185308;0.000185906
0.867462;1.40148e-05;-0.000183727;0.000184261
0.868225;1.32036e-05;-0.000182306;0.000182783
0.868988;1.24604e-05;-0.000181034;0.000181462
0.869751;1.1778e-05;-0.000179902;0.000180287
0.870514;1.11502e-05;-0.000178902;0.000179249
0.871277;1.05714e-05;-0.000178028;0.000178342
0.87204;1.00367e-05;-0.000177273;0.000177557
0.872803;9.54195e-06;-0.000176632;0.000176889
0.873566;9.08338e-06;-0.000176099;0.000176333
0.874329;8.65767e-06;-0.000175671;0.000175884
0.875092;8.26186e-06;-0.000175343;0.000175538
0.875854;7.89332e-06;-0.000175112;0.000175289
0.876617;7.54972e-06;-0.000174974;0.000175137
0.87738;7.22895e-06;-0.000174927;0.000175077
0.878143;6.92914e-06;-0.000174969;0.000175106
0.878906;6.6486e-06;-0.000175098;0.000175224
0.879669;6.38581e-06;-0.000175311;0.000175427
0.880432;6.1394e-06;-0.000175608;0.000175715
0.881195;5.90814e-06;-0.000175987;0.000176086
0.881958;5.69089e-06;-0.000176447;0.000176539
0.882721;5.48665e-06;-0.000176988;0.000177073
0.883484;5.29449e-06;-0.000177609;0.000177688
0.884247;5.11359e-06;-0.000178309;0.000178383
0.88501;4.94316e-06;-0.00017909;0.000179158
0.885773;4.78254e-06;-0.000179951;0.000180015
0.886536;4.63107e-06;-0.000180893;0.000180952
0.887299;4.4882e-06;-0.000181915;0.000181971
0.888062;4.35339e-06;-0.00018302;0.000183072
0.888824;4.22618e-06;-0.000184208;0.000184256
0.889587;4.10612e-06;-0.00018548;0.000185526
0.89035;3.99282e-06;-0.000186838;0.000186881
0.891113;3.88594e-06;-0.000188284;0.000188324
0.891876;3.78515e-06;-0.00018982;0.000189858
0.892639;3.69017e-06;-0.000191448;0.000191483
0.893402;3.60074e-06;-0.00019317;0.000193204
0.894165;3.51664e-06;-0.00019499;0.000195021
0.894928;3.43768e-06;-0.000196909;0.000196939
0.895691;3.36369e-06;-0.000198933;0.000198961
0.896454;3.29455e-06;-0.000201064;0.000201091
0.897217;3.23016e-06;-0.000203307;0.000203332
0.89798;3.17044e-06;-0.000205665;0.00020569
0.898743;3.11538e-06;-0.000208145;0.000208168
0.899506;3.06498e-06;-0.000210751;0.000210773
0.900269;3.0193e-06;-0.000213489;0.000213511
0.901031;2.97842e-06;-0.000216366;0.000216386
0.901794;2.94312e-06;-0.000219389;0.000219409
0.902557;2.91244e-06;-0.000222564;0.000222584
0.90332;2.88724e-06;-0.000225902;0.00022592
0.904083;2.8679e-06;-0.000229409;0.000229427
0.904846;2.8549e-06;-0.000233098;0.000233116
0.905609;2.84886e-06;-0.000236979;0.000236996
0.906372;2.85052e-06;-0.000241064;0.000241081
0.907135;2.86085e-06;-0.000245366;0.000245383
0.907898;2.881e-06;-0.000249902;0.000249918
0.908661;2.91243e-06;-0.000254687;0.000254704
0.909424;2.95696e-06;-0.00025974;0.000259757
0.910187;3.01683e-06;-0.000265082;0.000265099
0.91095;3.09489e-06;-0.000270737;0.000270755
0.911713;3.19466e-06;-0.000276731;0.00027675
0.912476;3.32063e-06;-0.000283095;0.000283115
0.913239;3.4785e-06;-0.000289864;0.000289885
0.914001;3.67552e-06;-0.000297078;0.000297101
0.914764;3.92102e-06;-0.000304785;0.00030481
0.915527;4.22707e-06;-0.000313041;0.00031307
0.91629;4.60927e-06;-0.000321914;0.000321947
0.917053;5.08786e-06;-0.000331489;0.000331528
0.917816;5.6889e-06;-0.000341871;0.000341918
0.918579;6.44521e-06;-0.000353197;0.000353256
0.919342;7.39578e-06;-0.000365654;0.000365729
0.920105;8.58009e-06;-0.000379501;0.000379598
0.920868;1.00169e-05;-0.000395114;0.000395241
0.921631;1.16413e-05;-0.000413049;0.000413213
0.922394;1.31441e-05;-0.000434096;0.000434295
0.923157;1.36487e-05;-0.000459195;0.000459398
0.92392;1.13754e-05;-0.000488885;0.000489017
0.924683;4.07602e-06;-0.000522245;0.000522261
0.925446;-9.19987e-06;-0.000556698;0.000556774
0.926208;-2.68864e-05;-0.000589978;0.00059059
0.926971;-4.61714e-05;-0.000622342;0.000624052
0.927734;-6.5637e-05;-0.000656902;0.000660173
0.928497;-8.74702e-05;-0.000697447;0.000702911
0.92926;-0.000116431;-0.000745144;0.000754186
0.930023;-0.000156893;-0.000798458;0.000813726
0.930786;-0.000212287;-0.000855045;0.000881004
0.931549;-0.000286668;-0.000912754;0.000956712
0.932312;-0.000388316;-0.000967593;0.0010426
0.933075;-0.000529693;-0.00100361;0.00113482
0.933838;-0.000708901;-0.00098261;0.00121164
0.934601;-0.000876321;-0.000867296;0.00123294
0.935364;-0.000955209;-0.000686973;0.00117659
0.936127;-0.00093316;-0.000522726;0.00106959
0.93689;-0.00085167;-0.000415327;0.000947543
0.937653;-0.000738102;-0.000374587;0.000827714
0.938416;-0.000620186;-0.000417213;0.00074746
0.939178;-0.000542386;-0.0005429;0.000767414
0.939941;-0.000538352;-0.000728995;0.000906232
0.940704;-0.000630037;-0.000952039;0.00114163
0.941467;-0.000842174;-0.00119112;0.00145877
0.94223;-0.00122607;-0.00141733;0.00187405
0.942993;-0.00187309;-0.0015269;0.00241659
0.943756;-0.00282666;-0.0012008;0.00307114
0.944519;-0.00350117;5.14915e-05;0.00350155
0.945282;-0.00294267;0.00137799;0.00324933
0.946045;-0.00198665;0.00181939;0.00269387
0.946808;-0.00129045;0.00177402;0.00219372
0.947571;-0.000859527;0.00159131;0.0018086
0.948334;-0.0005977;0.00139842;0.0015208
0.949097;-0.000434389;0.00122973;0.00130419
0.94986;-0.000328335;0.00108951;0.00113791
0.950623;-0.00025658;0.00097411;0.00100733
0.951385;-0.000206181;0.000878691;0.000902556
0.952148;-0.000169603;0.000799029;0.00081683
0.952911;-0.000142293;0.000731782;0.000745488
0.953674;-0.000121399;0.000674391;0.000685231
0.954437;-0.000105073;0.000624903;0.000633675
0.9552;-9.20806e-05;0.000581823;0.000589065
0.955963;-8.15737e-05;0.000543998;0.00055008
0.956726;-7.29566e-05;0.000510527;0.000515714
0.957489;-6.58009e-05;0.000480699;0.000485182
0.958252;-5.97928e-05;0.000453947;0.000457868
0.959015;-5.46983e-05;0.000429813;0.00043328
0.959778;-5.03401e-05;0.000407926;0.00041102
0.960541;-4.6582e-05;0.00038798;0.000390766
0.961304;-4.3318e-05;0.000369721;0.00037225
0.962067;-4.04647e-05;0.000352938;0.00035525
0.96283;-3.79556e-05;0.000337453;0.000339581
0.963593;-3.57372e-05;0.000323115;0.000325085
0.964355;-3.37662e-05;0.000309795;0.000311629
0.965118;-3.20071e-05;0.000297382;0.0002991
0.965881;-3.04306e-05;0.000285782;0.000287398
0.966644;-2.90124e-05;0.000274911;0.000276438
0.967407;-2.77322e-05;0.000264698;0.000266147
0.96817;-2.65729e-05;0.00025508;0.00025646
0.968933;-2.552e-05;0.000246;0.00024732
0.969696;-2.45593e-05;0.000237408;0.000238674
0.970459;-2.36842e-05;0.000229263;0.000230484
0.971222;-2.28836e-05;0.000221527;0.000222705
0.971985;-2.21496e-05;0.000214162;0.000215304
0.972748;-2.14754e-05;0.000207139;0.000208249
0.973511;-2.08553e-05;0.000200429;0.000201511
0.974274;-2.02839e-05;0.000194008;0.000195065
0.975037;-1.97568e-05;0.000187851;0.000188887
0.9758;-1.927e-05;0.000181939;0.000182957
0.976562;-1.882e-05;0.000176252;0.000177254
0.977325;-1.84038e-05;0.000170773;0.000171762
0.978088;-1.80185e-05;0.000165486;0.000166464
0.978851;-1.76612e-05;0.000160376;0.000161346
0.979614;-1.73309e-05;0.000155431;0.000156394
0.980377;-1.7025e-05;0.000150637;0.000151596
0.98114;-1.67417e-05;0.000145983;0.00014694
0.981903;-1.64796e-05;0.000141458;0.000142414
0.982666;-1.62373e-05;0.000137051;0.00013801
0.983429;-1.60134e-05;0.000132755;0.000133717
0.984192;-1.5807e-05;0.000128559;0.000129527
0.984955;-1.5617e-05;0.000124455;0.000125431
0.985718;-1.54424e-05;0.000120436;0.000121422
0.986481;-1.52826e-05;0.000116493;0.000117491
0.987244;-1.51367e-05;0.00011262;0.000113633
0.988007;-1.50043e-05;0.00010881;0.00010984
0.98877;-1.48846e-05;0.000105057;0.000106106
0.989532;-1.47772e-05;0.000101353;0.000102424
0.990295;-1.46816e-05;9.76922e-05;9.87893e-05
0.991058;-1.45976e-05;9.40696e-05;9.51954e-05
0.991821;-1.45247e-05;9.04786e-05;9.16371e-05
0.992584;-1.44627e-05;8.69137e-05;8.81088e-05
0.993347;-1.44113e-05;8.33689e-05;8.46054e-05
0.99411;-1.43705e-05;7.98387e-05;8.11217e-05
0.994873;-1.43401e-05;7.63173e-05;7.76529e-05
0.995636;-1.43199e-05;7.27991e-05;7.41941e-05
0.996399;-1.431e-05;6.92783e-05;7.07407e-05
0.997162;-1.43104e-05;6.57489e-05;6.72882e-05
0.997925;-1.43212e-05;6.22051e-05;6.38324e-05
0.998688;-1.43424e-05;5.86408e-05;6.03693e-05
0.999451;-1.43743e-05;5.50496e-05;5.68953e-05
1.00021;-1.44171e-05;5.1425e-05;5.34077e-05
1.00098;-1.4471e-05;4.77601e-05;4.99043e-05
