   1.9432706758379936E-003
   2.3823955561965704E-003
   2.5381555315107107E-003
   2.9440738726407290E-003
   3.6829821765422821E-003
   4.0657334029674530E-003
   4.2716637253761292E-003
   4.8108845949172974E-003
   5.1164701581001282E-003
   5.2806325256824493E-003
   5.8324038982391357E-003
   5.8927386999130249E-003
   5.9051178395748138E-003
   5.9309750795364380E-003
   6.5234117209911346E-003
   6.7785792052745819E-003
   6.9505386054515839E-003
   7.3692649602890015E-003
   7.6699666678905487E-003
   7.7397003769874573E-003
   7.7667012810707092E-003
   7.8048892319202423E-003
   8.2944594323635101E-003
   8.5207745432853699E-003
   8.6096823215484619E-003
   8.6657367646694183E-003
   8.8758319616317749E-003
   8.8814459741115570E-003
   8.9045763015747070E-003
   9.0421922504901886E-003
   9.3407109379768372E-003
   9.5185674726963043E-003
   9.5632709562778473E-003
   9.9167414009571075E-003
   9.9618919193744659E-003
   1.0136507451534271E-002
   1.0250035673379898E-002
   1.0401912033557892E-002
   1.0561022907495499E-002
   1.0768320411443710E-002
   1.0821510106325150E-002
   1.0847829282283783E-002
   1.0913003236055374E-002
   1.0998670011758804E-002
   1.1305425316095352E-002
   1.1519122868776321E-002
   1.1673837900161743E-002
   1.1701993644237518E-002
   1.1717874556779861E-002
   1.2098994106054306E-002
   1.2338690459728241E-002
   1.2421846389770508E-002
   1.2443099170923233E-002
   1.2505982071161270E-002
